---> Quiero una Hamburguesa Extra Queso con papas y Agua en Lata , Christopher Lopez 
---> Realizando Pedido ...
---> Restaurante ::: Que tal Christopher tu pedido se esta procesando ...
---> RESTAURANTE COMO VA MI COMIDA 
---> Restaurante ::: El pedido sigue en proceso
---> RESTAURANTE COMO VA MI COMIDA 
---> Restaurante ::: El pedido sigue en proceso
---> RESTAURANTE COMO VA MI COMIDA 
---> Restaurante ::: Pedido cocinado, entregado al repartidor
---> RESTAURANTE COMO VA MI COMIDA 
---> Restaurante ::: Pedido cocinado, entregado al repartidor
---> REPARTIDOR COMO VAS 
---> Repartidor ::: Aun voy en camino con su pedido, no se preocupe
---> REPARTIDOR COMO VAS 
---> Repartidor ::: Aun voy en camino con su pedido, no se preocupe
---> REPARTIDOR COMO VAS 
---> Repartidor ::: Ya estoy en la puerta de su casa :)
---> REPARTIDOR COMO VAS 
========== Gracias repartidor por entregarme mi comida :D ==========
---> Repartidor ::: Ya estoy en la puerta de su casa :)
